<?xml version="1.0" encoding="UTF-8"?>
<!-- Generated by org.testng.reporters.JUnitReportReporter -->
<testsuite skipped="0" hostname="AMIL5CG5370PMT" name="Testing_Sms.Prioritizing" tests="4" failures="0" timestamp="09 Jan 2019 14:05:57 GMT" time="0.053" errors="0">
  <testcase name="Four" time="0.038" classname="Testing_Sms.Prioritizing"/>
  <testcase name="One" time="0.005" classname="Testing_Sms.Prioritizing"/>
  <testcase name="Two" time="0.005" classname="Testing_Sms.Prioritizing"/>
  <testcase name="Three" time="0.005" classname="Testing_Sms.Prioritizing"/>
</testsuite> <!-- Testing_Sms.Prioritizing -->
