<?xml version="1.0" encoding="UTF-8"?>
<!-- Generated by org.testng.reporters.JUnitReportReporter -->
<testsuite skipped="0" hostname="AMIL5CG5370PMT" name="Testing_Sms.TestNG_Way2sms" tests="4" failures="0" timestamp="22 Jan 2019 09:15:09 GMT" time="37.253" errors="0">
  <testcase name="InitializeDriver" time="17.588" classname="Testing_Sms.TestNG_Way2sms"/>
  <testcase name="Login" time="3.745" classname="Testing_Sms.TestNG_Way2sms"/>
  <testcase name="ConfigureMessage" time="11.460" classname="Testing_Sms.TestNG_Way2sms"/>
  <testcase name="logout" time="4.460" classname="Testing_Sms.TestNG_Way2sms"/>
</testsuite> <!-- Testing_Sms.TestNG_Way2sms -->
