<?xml version="1.0" encoding="UTF-8"?>
<!-- Generated by org.testng.reporters.JUnitReportReporter -->
<testsuite skipped="0" hostname="AMIL5CG5370PMT" name="Testing_Sms.Dependent_Test" tests="3" failures="0" timestamp="09 Jan 2019 13:58:53 GMT" time="0.025" errors="0">
  <testcase name="dependent" time="0.020" classname="Testing_Sms.Dependent_Test"/>
  <testcase name="dependent1" time="0.002" classname="Testing_Sms.Dependent_Test"/>
  <testcase name="depndendent2" time="0.003" classname="Testing_Sms.Dependent_Test"/>
</testsuite> <!-- Testing_Sms.Dependent_Test -->
