<?xml version="1.0" encoding="UTF-8"?>
<!-- Generated by org.testng.reporters.JUnitReportReporter -->
<testsuite skipped="0" hostname="AMIL5CG5370PMT" name="Testing_Sms.Parameters_Dataprovider" tests="2" failures="0" timestamp="10 Jan 2019 08:24:48 GMT" time="71.293" errors="0">
  <testcase name="f" time="30.390" classname="Testing_Sms.Parameters_Dataprovider"/>
  <testcase name="f" time="40.903" classname="Testing_Sms.Parameters_Dataprovider"/>
</testsuite> <!-- Testing_Sms.Parameters_Dataprovider -->
