<?xml version="1.0" encoding="UTF-8"?>
<!-- Generated by org.testng.reporters.JUnitReportReporter -->
<testsuite skipped="0" hostname="AMIL5CG5370PMT" name="Testing_Sms.Reporting_Looging" tests="1" failures="0" timestamp="10 Jan 2019 11:52:25 GMT" time="35.620" errors="0">
  <testcase name="test" time="35.620" classname="Testing_Sms.Reporting_Looging"/>
</testsuite> <!-- Testing_Sms.Reporting_Looging -->
