<?xml version="1.0" encoding="UTF-8"?>
<!-- Generated by org.testng.reporters.JUnitReportReporter -->
<testsuite skipped="0" hostname="AMIL5CG5370PMT" name="Testing_Sms.NewTest" tests="2" failures="0" timestamp="09 Jan 2019 13:26:28 GMT" time="0.023" errors="0">
  <testcase name="main" time="0.018" classname="Testing_Sms.NewTest"/>
  <testcase name="main1" time="0.005" classname="Testing_Sms.NewTest"/>
</testsuite> <!-- Testing_Sms.NewTest -->
