<?xml version="1.0" encoding="UTF-8"?>
<!-- Generated by org.testng.reporters.JUnitReportReporter -->
<testsuite skipped="0" hostname="AMIL5CG5370PMT" name="Testing_Sms.TestNG_Way2sms" tests="4" failures="0" timestamp="10 Jan 2019 11:49:16 GMT" time="39.280" errors="0">
  <testcase name="InitializeDriver" time="19.557" classname="Testing_Sms.TestNG_Way2sms"/>
  <testcase name="Login" time="2.470" classname="Testing_Sms.TestNG_Way2sms"/>
  <testcase name="ConfigureMessage" time="12.470" classname="Testing_Sms.TestNG_Way2sms"/>
  <testcase name="logout" time="4.783" classname="Testing_Sms.TestNG_Way2sms"/>
</testsuite> <!-- Testing_Sms.TestNG_Way2sms -->
