<?xml version="1.0" encoding="UTF-8"?>
<!-- Generated by org.testng.reporters.JUnitReportReporter -->
<testsuite skipped="0" hostname="AMIL5CG5370PMT" name="Testing_Sms.Asserts" tests="2" failures="0" timestamp="10 Jan 2019 07:08:21 GMT" time="31.358" errors="0">
  <testcase name="test" time="0.003" classname="Testing_Sms.Asserts"/>
  <testcase name="main" time="31.355" classname="Testing_Sms.Asserts"/>
</testsuite> <!-- Testing_Sms.Asserts -->
