<?xml version="1.0" encoding="UTF-8"?>
<!-- Generated by org.testng.reporters.JUnitReportReporter -->
<testsuite skipped="0" hostname="AMIL5CG5370PMT" name="Testing_Sms.NewTest" tests="2" failures="0" timestamp="12 Feb 2019 12:10:21 GMT" time="0.047" errors="0">
  <testcase name="main1" time="0.016" classname="Testing_Sms.NewTest"/>
  <testcase name="main2" time="0.031" classname="Testing_Sms.NewTest"/>
</testsuite> <!-- Testing_Sms.NewTest -->
