<?xml version="1.0" encoding="UTF-8"?>
<!-- Generated by org.testng.reporters.JUnitReportReporter -->
<testsuite skipped="0" hostname="AMIL5CG5370PMT" name="Testing_Sms.MultiBrowser" tests="2" failures="0" timestamp="22 Jan 2019 12:59:27 GMT" time="4.035" errors="0">
  <testcase name="login" time="3.495" classname="Testing_Sms.MultiBrowser"/>
  <testcase name="login" time="0.540" classname="Testing_Sms.MultiBrowser"/>
</testsuite> <!-- Testing_Sms.MultiBrowser -->
