<?xml version="1.0" encoding="UTF-8"?>
<!-- Generated by org.testng.reporters.JUnitReportReporter -->
<testsuite skipped="0" hostname="AMIL5CG5370PMT" name="Testing_Sms.Listeners" tests="1" failures="0" timestamp="23 Jan 2019 08:34:22 GMT" time="0.026" errors="0">
  <testcase name="main" time="0.026" classname="Testing_Sms.Listeners"/>
</testsuite> <!-- Testing_Sms.Listeners -->
